<?xml version="1.0" encoding="UTF-8" ?>
<testsuite tests="2" failures="0" name="TestSuite" time="4.498" errors="0" skipped="0">
  <properties>
    <property name="java.runtime.name" value="OpenJDK Runtime Environment"/>
    <property name="java.vm.version" value="16.0.1+9-24"/>
    <property name="sun.boot.library.path" value="C:\eclipse\plugins\org.eclipse.justj.openjdk.hotspot.jre.full.win32.x86_64_16.0.1.v20210528-1205\jre\bin"/>
    <property name="java.vm.vendor" value="Oracle Corporation"/>
    <property name="java.vendor.url" value="https://java.oracle.com/"/>
    <property name="path.separator" value=";"/>
    <property name="java.vm.name" value="OpenJDK 64-Bit Server VM"/>
    <property name="sun.os.patch.level" value=""/>
    <property name="user.script" value=""/>
    <property name="user.country" value="IN"/>
    <property name="sun.java.launcher" value="SUN_STANDARD"/>
    <property name="java.vm.specification.name" value="Java Virtual Machine Specification"/>
    <property name="user.dir" value="C:\Users\aravi\OneDrive\Desktop\Kirthiga Personel\TestInitial"/>
    <property name="java.vm.compressedOopsMode" value="32-bit"/>
    <property name="java.runtime.version" value="16.0.1+9-24"/>
    <property name="basedir" value="C:\Users\aravi\OneDrive\Desktop\Kirthiga Personel\TestInitial"/>
    <property name="os.arch" value="amd64"/>
    <property name="surefire.real.class.path" value="C:\Users\aravi\AppData\Local\Temp\surefirebooter3042205628078195292.jar"/>
    <property name="java.io.tmpdir" value="C:\Users\aravi\AppData\Local\Temp\"/>
    <property name="line.separator" value="
"/>
    <property name="java.vm.specification.vendor" value="Oracle Corporation"/>
    <property name="user.variant" value=""/>
    <property name="os.name" value="Windows 10"/>
    <property name="sun.jnu.encoding" value="Cp1252"/>
    <property name="java.library.path" value="C:\eclipse\plugins\org.eclipse.justj.openjdk.hotspot.jre.full.win32.x86_64_16.0.1.v20210528-1205\jre\bin;C:\Windows\Sun\Java\bin;C:\Windows\system32;C:\Windows;C:/eclipse//plugins/org.eclipse.justj.openjdk.hotspot.jre.full.win32.x86_64_16.0.1.v20210528-1205/jre/bin/server;C:/eclipse//plugins/org.eclipse.justj.openjdk.hotspot.jre.full.win32.x86_64_16.0.1.v20210528-1205/jre/bin;C:\Program Files (x86)\Common Files\Oracle\Java\javapath;C:\Windows\system32;C:\Windows;C:\Windows\System32\Wbem;C:\Windows\System32\WindowsPowerShell\v1.0\;C:\Windows\System32\OpenSSH\;%M2_HOME%\bin;C:\Program Files\Git\cmd;C:\Users\aravi\AppData\Local\Microsoft\WindowsApps;C:\Users\aravi\AppData\Local\GitHubDesktop\bin;C:\eclipse;;."/>
    <property name="surefire.test.class.path" value="C:\Users\aravi\OneDrive\Desktop\Kirthiga Personel\TestInitial\target\test-classes;C:\Users\aravi\OneDrive\Desktop\Kirthiga Personel\TestInitial\target\classes;C:\Users\aravi\.m2\repository\org\testng\testng\7.3.0\testng-7.3.0.jar;C:\Users\aravi\.m2\repository\com\beust\jcommander\1.78\jcommander-1.78.jar;C:\Users\aravi\.m2\repository\org\apache\ant\ant\1.10.3\ant-1.10.3.jar;C:\Users\aravi\.m2\repository\org\apache\ant\ant-launcher\1.10.3\ant-launcher-1.10.3.jar;C:\Users\aravi\.m2\repository\junit\junit\4.12\junit-4.12.jar;C:\Users\aravi\.m2\repository\org\hamcrest\hamcrest-core\1.3\hamcrest-core-1.3.jar;C:\Users\aravi\.m2\repository\com\google\inject\guice\4.2.2\guice-4.2.2-no_aop.jar;C:\Users\aravi\.m2\repository\javax\inject\javax.inject\1\javax.inject-1.jar;C:\Users\aravi\.m2\repository\aopalliance\aopalliance\1.0\aopalliance-1.0.jar;C:\Users\aravi\.m2\repository\com\google\guava\guava\25.1-android\guava-25.1-android.jar;C:\Users\aravi\.m2\repository\com\google\code\findbugs\jsr305\3.0.2\jsr305-3.0.2.jar;C:\Users\aravi\.m2\repository\org\checkerframework\checker-compat-qual\2.0.0\checker-compat-qual-2.0.0.jar;C:\Users\aravi\.m2\repository\com\google\errorprone\error_prone_annotations\2.1.3\error_prone_annotations-2.1.3.jar;C:\Users\aravi\.m2\repository\com\google\j2objc\j2objc-annotations\1.1\j2objc-annotations-1.1.jar;C:\Users\aravi\.m2\repository\org\codehaus\mojo\animal-sniffer-annotations\1.14\animal-sniffer-annotations-1.14.jar;C:\Users\aravi\.m2\repository\org\yaml\snakeyaml\1.21\snakeyaml-1.21.jar;C:\Users\aravi\.m2\repository\jexcelapi\jxl\2.4.2\jxl-2.4.2.jar;C:\Users\aravi\.m2\repository\org\seleniumhq\selenium\selenium-java\2.49.0\selenium-java-2.49.0.jar;C:\Users\aravi\.m2\repository\org\seleniumhq\selenium\selenium-chrome-driver\2.49.0\selenium-chrome-driver-2.49.0.jar;C:\Users\aravi\.m2\repository\org\seleniumhq\selenium\selenium-remote-driver\2.49.0\selenium-remote-driver-2.49.0.jar;C:\Users\aravi\.m2\repository\cglib\cglib-nodep\2.1_3\cglib-nodep-2.1_3.jar;C:\Users\aravi\.m2\repository\com\google\code\gson\gson\2.3.1\gson-2.3.1.jar;C:\Users\aravi\.m2\repository\org\seleniumhq\selenium\selenium-api\2.49.0\selenium-api-2.49.0.jar;C:\Users\aravi\.m2\repository\org\seleniumhq\selenium\selenium-edge-driver\2.49.0\selenium-edge-driver-2.49.0.jar;C:\Users\aravi\.m2\repository\commons-io\commons-io\2.4\commons-io-2.4.jar;C:\Users\aravi\.m2\repository\org\apache\commons\commons-exec\1.3\commons-exec-1.3.jar;C:\Users\aravi\.m2\repository\org\seleniumhq\selenium\selenium-htmlunit-driver\2.49.0\selenium-htmlunit-driver-2.49.0.jar;C:\Users\aravi\.m2\repository\net\sourceforge\htmlunit\htmlunit\2.18\htmlunit-2.18.jar;C:\Users\aravi\.m2\repository\xalan\xalan\2.7.2\xalan-2.7.2.jar;C:\Users\aravi\.m2\repository\xalan\serializer\2.7.2\serializer-2.7.2.jar;C:\Users\aravi\.m2\repository\org\apache\commons\commons-lang3\3.4\commons-lang3-3.4.jar;C:\Users\aravi\.m2\repository\org\apache\httpcomponents\httpmime\4.5\httpmime-4.5.jar;C:\Users\aravi\.m2\repository\commons-codec\commons-codec\1.10\commons-codec-1.10.jar;C:\Users\aravi\.m2\repository\net\sourceforge\htmlunit\htmlunit-core-js\2.17\htmlunit-core-js-2.17.jar;C:\Users\aravi\.m2\repository\xerces\xercesImpl\2.11.0\xercesImpl-2.11.0.jar;C:\Users\aravi\.m2\repository\xml-apis\xml-apis\1.4.01\xml-apis-1.4.01.jar;C:\Users\aravi\.m2\repository\net\sourceforge\nekohtml\nekohtml\1.9.22\nekohtml-1.9.22.jar;C:\Users\aravi\.m2\repository\net\sourceforge\cssparser\cssparser\0.9.16\cssparser-0.9.16.jar;C:\Users\aravi\.m2\repository\org\w3c\css\sac\1.3\sac-1.3.jar;C:\Users\aravi\.m2\repository\commons-logging\commons-logging\1.2\commons-logging-1.2.jar;C:\Users\aravi\.m2\repository\org\eclipse\jetty\websocket\websocket-client\9.2.12.v20150709\websocket-client-9.2.12.v20150709.jar;C:\Users\aravi\.m2\repository\org\eclipse\jetty\jetty-util\9.2.12.v20150709\jetty-util-9.2.12.v20150709.jar;C:\Users\aravi\.m2\repository\org\eclipse\jetty\jetty-io\9.2.12.v20150709\jetty-io-9.2.12.v20150709.jar;C:\Users\aravi\.m2\repository\org\eclipse\jetty\websocket\websocket-common\9.2.12.v20150709\websocket-common-9.2.12.v20150709.jar;C:\Users\aravi\.m2\repository\org\eclipse\jetty\websocket\websocket-api\9.2.12.v20150709\websocket-api-9.2.12.v20150709.jar;C:\Users\aravi\.m2\repository\commons-collections\commons-collections\3.2.2\commons-collections-3.2.2.jar;C:\Users\aravi\.m2\repository\org\apache\httpcomponents\httpclient\4.5.1\httpclient-4.5.1.jar;C:\Users\aravi\.m2\repository\org\apache\httpcomponents\httpcore\4.4.3\httpcore-4.4.3.jar;C:\Users\aravi\.m2\repository\org\seleniumhq\selenium\selenium-firefox-driver\2.49.0\selenium-firefox-driver-2.49.0.jar;C:\Users\aravi\.m2\repository\org\seleniumhq\selenium\selenium-ie-driver\2.49.0\selenium-ie-driver-2.49.0.jar;C:\Users\aravi\.m2\repository\net\java\dev\jna\jna\4.1.0\jna-4.1.0.jar;C:\Users\aravi\.m2\repository\net\java\dev\jna\jna-platform\4.1.0\jna-platform-4.1.0.jar;C:\Users\aravi\.m2\repository\org\seleniumhq\selenium\selenium-safari-driver\2.49.0\selenium-safari-driver-2.49.0.jar;C:\Users\aravi\.m2\repository\org\seleniumhq\selenium\selenium-support\2.49.0\selenium-support-2.49.0.jar;C:\Users\aravi\.m2\repository\org\webbitserver\webbit\0.4.14\webbit-0.4.14.jar;C:\Users\aravi\.m2\repository\io\netty\netty\3.5.2.Final\netty-3.5.2.Final.jar;C:\Users\aravi\.m2\repository\org\seleniumhq\selenium\selenium-leg-rc\2.49.0\selenium-leg-rc-2.49.0.jar;"/>
    <property name="jdk.debug" value="release"/>
    <property name="java.class.version" value="60.0"/>
    <property name="java.specification.name" value="Java Platform API Specification"/>
    <property name="sun.management.compiler" value="HotSpot 64-Bit Tiered Compilers"/>
    <property name="os.version" value="10.0"/>
    <property name="user.home" value="C:\Users\aravi"/>
    <property name="user.timezone" value="Asia/Calcutta"/>
    <property name="file.encoding" value="Cp1252"/>
    <property name="java.specification.version" value="16"/>
    <property name="user.name" value="Aravind"/>
    <property name="java.class.path" value="C:\Users\aravi\OneDrive\Desktop\Kirthiga Personel\TestInitial\target\test-classes;C:\Users\aravi\OneDrive\Desktop\Kirthiga Personel\TestInitial\target\classes;C:\Users\aravi\.m2\repository\org\testng\testng\7.3.0\testng-7.3.0.jar;C:\Users\aravi\.m2\repository\com\beust\jcommander\1.78\jcommander-1.78.jar;C:\Users\aravi\.m2\repository\org\apache\ant\ant\1.10.3\ant-1.10.3.jar;C:\Users\aravi\.m2\repository\org\apache\ant\ant-launcher\1.10.3\ant-launcher-1.10.3.jar;C:\Users\aravi\.m2\repository\junit\junit\4.12\junit-4.12.jar;C:\Users\aravi\.m2\repository\org\hamcrest\hamcrest-core\1.3\hamcrest-core-1.3.jar;C:\Users\aravi\.m2\repository\com\google\inject\guice\4.2.2\guice-4.2.2-no_aop.jar;C:\Users\aravi\.m2\repository\javax\inject\javax.inject\1\javax.inject-1.jar;C:\Users\aravi\.m2\repository\aopalliance\aopalliance\1.0\aopalliance-1.0.jar;C:\Users\aravi\.m2\repository\com\google\guava\guava\25.1-android\guava-25.1-android.jar;C:\Users\aravi\.m2\repository\com\google\code\findbugs\jsr305\3.0.2\jsr305-3.0.2.jar;C:\Users\aravi\.m2\repository\org\checkerframework\checker-compat-qual\2.0.0\checker-compat-qual-2.0.0.jar;C:\Users\aravi\.m2\repository\com\google\errorprone\error_prone_annotations\2.1.3\error_prone_annotations-2.1.3.jar;C:\Users\aravi\.m2\repository\com\google\j2objc\j2objc-annotations\1.1\j2objc-annotations-1.1.jar;C:\Users\aravi\.m2\repository\org\codehaus\mojo\animal-sniffer-annotations\1.14\animal-sniffer-annotations-1.14.jar;C:\Users\aravi\.m2\repository\org\yaml\snakeyaml\1.21\snakeyaml-1.21.jar;C:\Users\aravi\.m2\repository\jexcelapi\jxl\2.4.2\jxl-2.4.2.jar;C:\Users\aravi\.m2\repository\org\seleniumhq\selenium\selenium-java\2.49.0\selenium-java-2.49.0.jar;C:\Users\aravi\.m2\repository\org\seleniumhq\selenium\selenium-chrome-driver\2.49.0\selenium-chrome-driver-2.49.0.jar;C:\Users\aravi\.m2\repository\org\seleniumhq\selenium\selenium-remote-driver\2.49.0\selenium-remote-driver-2.49.0.jar;C:\Users\aravi\.m2\repository\cglib\cglib-nodep\2.1_3\cglib-nodep-2.1_3.jar;C:\Users\aravi\.m2\repository\com\google\code\gson\gson\2.3.1\gson-2.3.1.jar;C:\Users\aravi\.m2\repository\org\seleniumhq\selenium\selenium-api\2.49.0\selenium-api-2.49.0.jar;C:\Users\aravi\.m2\repository\org\seleniumhq\selenium\selenium-edge-driver\2.49.0\selenium-edge-driver-2.49.0.jar;C:\Users\aravi\.m2\repository\commons-io\commons-io\2.4\commons-io-2.4.jar;C:\Users\aravi\.m2\repository\org\apache\commons\commons-exec\1.3\commons-exec-1.3.jar;C:\Users\aravi\.m2\repository\org\seleniumhq\selenium\selenium-htmlunit-driver\2.49.0\selenium-htmlunit-driver-2.49.0.jar;C:\Users\aravi\.m2\repository\net\sourceforge\htmlunit\htmlunit\2.18\htmlunit-2.18.jar;C:\Users\aravi\.m2\repository\xalan\xalan\2.7.2\xalan-2.7.2.jar;C:\Users\aravi\.m2\repository\xalan\serializer\2.7.2\serializer-2.7.2.jar;C:\Users\aravi\.m2\repository\org\apache\commons\commons-lang3\3.4\commons-lang3-3.4.jar;C:\Users\aravi\.m2\repository\org\apache\httpcomponents\httpmime\4.5\httpmime-4.5.jar;C:\Users\aravi\.m2\repository\commons-codec\commons-codec\1.10\commons-codec-1.10.jar;C:\Users\aravi\.m2\repository\net\sourceforge\htmlunit\htmlunit-core-js\2.17\htmlunit-core-js-2.17.jar;C:\Users\aravi\.m2\repository\xerces\xercesImpl\2.11.0\xercesImpl-2.11.0.jar;C:\Users\aravi\.m2\repository\xml-apis\xml-apis\1.4.01\xml-apis-1.4.01.jar;C:\Users\aravi\.m2\repository\net\sourceforge\nekohtml\nekohtml\1.9.22\nekohtml-1.9.22.jar;C:\Users\aravi\.m2\repository\net\sourceforge\cssparser\cssparser\0.9.16\cssparser-0.9.16.jar;C:\Users\aravi\.m2\repository\org\w3c\css\sac\1.3\sac-1.3.jar;C:\Users\aravi\.m2\repository\commons-logging\commons-logging\1.2\commons-logging-1.2.jar;C:\Users\aravi\.m2\repository\org\eclipse\jetty\websocket\websocket-client\9.2.12.v20150709\websocket-client-9.2.12.v20150709.jar;C:\Users\aravi\.m2\repository\org\eclipse\jetty\jetty-util\9.2.12.v20150709\jetty-util-9.2.12.v20150709.jar;C:\Users\aravi\.m2\repository\org\eclipse\jetty\jetty-io\9.2.12.v20150709\jetty-io-9.2.12.v20150709.jar;C:\Users\aravi\.m2\repository\org\eclipse\jetty\websocket\websocket-common\9.2.12.v20150709\websocket-common-9.2.12.v20150709.jar;C:\Users\aravi\.m2\repository\org\eclipse\jetty\websocket\websocket-api\9.2.12.v20150709\websocket-api-9.2.12.v20150709.jar;C:\Users\aravi\.m2\repository\commons-collections\commons-collections\3.2.2\commons-collections-3.2.2.jar;C:\Users\aravi\.m2\repository\org\apache\httpcomponents\httpclient\4.5.1\httpclient-4.5.1.jar;C:\Users\aravi\.m2\repository\org\apache\httpcomponents\httpcore\4.4.3\httpcore-4.4.3.jar;C:\Users\aravi\.m2\repository\org\seleniumhq\selenium\selenium-firefox-driver\2.49.0\selenium-firefox-driver-2.49.0.jar;C:\Users\aravi\.m2\repository\org\seleniumhq\selenium\selenium-ie-driver\2.49.0\selenium-ie-driver-2.49.0.jar;C:\Users\aravi\.m2\repository\net\java\dev\jna\jna\4.1.0\jna-4.1.0.jar;C:\Users\aravi\.m2\repository\net\java\dev\jna\jna-platform\4.1.0\jna-platform-4.1.0.jar;C:\Users\aravi\.m2\repository\org\seleniumhq\selenium\selenium-safari-driver\2.49.0\selenium-safari-driver-2.49.0.jar;C:\Users\aravi\.m2\repository\org\seleniumhq\selenium\selenium-support\2.49.0\selenium-support-2.49.0.jar;C:\Users\aravi\.m2\repository\org\webbitserver\webbit\0.4.14\webbit-0.4.14.jar;C:\Users\aravi\.m2\repository\io\netty\netty\3.5.2.Final\netty-3.5.2.Final.jar;C:\Users\aravi\.m2\repository\org\seleniumhq\selenium\selenium-leg-rc\2.49.0\selenium-leg-rc-2.49.0.jar;"/>
    <property name="java.vm.specification.version" value="16"/>
    <property name="sun.arch.data.model" value="64"/>
    <property name="sun.java.command" value="C:\Users\aravi\AppData\Local\Temp\surefirebooter3042205628078195292.jar C:\Users\aravi\AppData\Local\Temp\surefire11148453607363818410tmp C:\Users\aravi\AppData\Local\Temp\surefire7058630675466662607tmp"/>
    <property name="java.home" value="C:\eclipse\plugins\org.eclipse.justj.openjdk.hotspot.jre.full.win32.x86_64_16.0.1.v20210528-1205\jre"/>
    <property name="user.language" value="en"/>
    <property name="java.specification.vendor" value="Oracle Corporation"/>
    <property name="java.vm.info" value="mixed mode"/>
    <property name="java.version" value="16.0.1"/>
    <property name="java.vendor" value="Oracle Corporation"/>
    <property name="localRepository" value="C:\Users\aravi\.m2\repository"/>
    <property name="file.separator" value="\"/>
    <property name="java.version.date" value="2021-04-20"/>
    <property name="java.vendor.url.bug" value="https://bugreport.java.com/bugreport/"/>
    <property name="sun.io.unicode.encoding" value="UnicodeLittle"/>
    <property name="sun.cpu.endian" value="little"/>
    <property name="sun.cpu.isalist" value="amd64"/>
  </properties>
  <testcase classname="test.SearchHelloWorld" name="Selenium" time="1.191"/>
  <testcase classname="test.SearchHelloWorld" name="Selenium" time="0.607"/>
</testsuite>