<?xml version="1.0" encoding="UTF-8"?>
<!-- Generated by org.testng.reporters.JUnitReportReporter -->
<testsuite hostname="DESKTOP-108K4AT" failures="0" tests="2" name="test.SearchHelloWorld" time="2.091" errors="0" timestamp="2021-07-19T13:42:37 IST" skipped="0">
  <testcase classname="test.SearchHelloWorld" name="Selenium" time="1.316"/>
  <system-out/>
  <testcase classname="test.SearchHelloWorld" name="Selenium" time="0.775"/>
  <system-out/>
</testsuite> <!-- test.SearchHelloWorld -->
