<?xml version="1.0" encoding="UTF-8"?>
<!-- Generated by org.testng.reporters.JUnitReportReporter -->
<testsuite hostname="DESKTOP-108K4AT" failures="0" tests="2" name="test.SearchHelloWorld" time="1.797" errors="0" timestamp="2021-07-18T17:19:06 IST" skipped="0">
  <testcase classname="test.SearchHelloWorld" name="Selenium" time="1.190"/>
  <system-out/>
  <testcase classname="test.SearchHelloWorld" name="Selenium" time="0.607"/>
  <system-out/>
</testsuite> <!-- test.SearchHelloWorld -->
